SQLSTATE[08006] [7] could not translate host name "postgres" to address: Unknown host
SQLSTATE[08006] [7] FATAL:  password authentication failed for user "postgres"
SQLSTATE[08006] [7] FATAL:  password authentication failed for user "postgres"
SQLSTATE[08006] [7] fe_sendauth: no password supplied
SQLSTATE[08006] [7] fe_sendauth: no password supplied
SQLSTATE[08006] [7] fe_sendauth: no password supplied
SQLSTATE[08006] [7] fe_sendauth: no password supplied
SQLSTATE[08006] [7] fe_sendauth: no password supplied
SQLSTATE[08006] [7] could not connect to server: Connection timed out (0x0000274C/10060)
	Is the server running on host "10.130.8.95" and accepting
	TCP/IP connections on port 5432?
SQLSTATE[08006] [7] could not connect to server: Connection timed out (0x0000274C/10060)
	Is the server running on host "10.130.8.95" and accepting
	TCP/IP connections on port 5432?
SQLSTATE[08006] [7] could not connect to server: Connection timed out (0x0000274C/10060)
	Is the server running on host "10.130.8.95" and accepting
	TCP/IP connections on port 5432?
SQLSTATE[08006] [7] could not connect to server: Connection refused (0x0000274D/10061)
	Is the server running on host "localhost" (::1) and accepting
	TCP/IP connections on port 5433?
could not connect to server: Connection refused (0x0000274D/10061)
	Is the server running on host "localhost" (127.0.0.1) and accepting
	TCP/IP connections on port 5433?
SQLSTATE[08006] [7] could not connect to server: Connection timed out (0x0000274C/10060)
	Is the server running on host "10.130.8.95" and accepting
	TCP/IP connections on port 5432?
SQLSTATE[08006] [7] could not connect to server: Connection timed out (0x0000274C/10060)
	Is the server running on host "10.130.8.95" and accepting
	TCP/IP connections on port 5432?
SQLSTATE[08006] [7] could not connect to server: Connection timed out (0x0000274C/10060)
	Is the server running on host "10.130.8.95" and accepting
	TCP/IP connections on port 5432?
SQLSTATE[08006] [7] could not connect to server: Connection timed out (0x0000274C/10060)
	Is the server running on host "10.130.8.95" and accepting
	TCP/IP connections on port 5432?
invalid data source name
invalid data source name
invalid data source name
invalid data source name
invalid data source name
invalid data source name
invalid data source name
invalid data source name
invalid data source name
invalid data source name
invalid data source name
invalid data source name
invalid data source name
invalid data source name
invalid data source name
invalid data source name
invalid data source name
invalid data source name
invalid data source name
invalid data source name
invalid data source name
invalid data source name
invalid data source name
invalid data source name
invalid data source name
invalid data source name
invalid data source name
invalid data source name
invalid data source name
invalid data source name
invalid data source name
invalid data source name
invalid data source name
invalid data source name
invalid data source name
invalid data source name
invalid data source name
invalid data source name
invalid data source name
invalid data source name
invalid data source name
invalid data source name
invalid data source name
invalid data source name
invalid data source name
invalid data source name
invalid data source name
invalid data source name
invalid data source name
invalid data source name
invalid data source name
SQLSTATE[08006] [7] server closed the connection unexpectedly
	This probably means the server terminated abnormally
	before or while processing the request.
SQLSTATE[08006] [7] FATAL:  no pg_hba.conf entry for host "10.68.130.16", user "postgres", database "jaipur_new", SSL off
SQLSTATE[08006] [7] FATAL:  no pg_hba.conf entry for host "10.68.130.16", user "postgres", database "jaipur_new", SSL off
SQLSTATE[08006] [7] server closed the connection unexpectedly
	This probably means the server terminated abnormally
	before or while processing the request.
SQLSTATE[08006] [7] server closed the connection unexpectedly
	This probably means the server terminated abnormally
	before or while processing the request.
